C:\USERS\LAMOS\DOCUMENTS\VISUAL STUDIO 2012\PROJECTS\WORDBRAIN\WORDBRAIN\DEBUG\MAIN.OBJ
C:\USERS\LAMOS\DOCUMENTS\VISUAL STUDIO 2012\PROJECTS\WORDBRAIN\WORDBRAIN\DEBUG\VC110.PDB
C:\USERS\LAMOS\DOCUMENTS\VISUAL STUDIO 2012\PROJECTS\WORDBRAIN\DEBUG\WORDBRAIN.ILK
C:\USERS\LAMOS\DOCUMENTS\VISUAL STUDIO 2012\PROJECTS\WORDBRAIN\DEBUG\WORDBRAIN.EXE
C:\USERS\LAMOS\DOCUMENTS\VISUAL STUDIO 2012\PROJECTS\WORDBRAIN\DEBUG\WORDBRAIN.PDB
C:\Users\lamos\Documents\Visual Studio 2012\Projects\WordBrain\WordBrain\Debug\main.obj
C:\Users\lamos\Documents\Visual Studio 2012\Projects\WordBrain\WordBrain\Debug\cl.command.1.tlog
C:\Users\lamos\Documents\Visual Studio 2012\Projects\WordBrain\WordBrain\Debug\CL.read.1.tlog
C:\Users\lamos\Documents\Visual Studio 2012\Projects\WordBrain\WordBrain\Debug\CL.write.1.tlog
C:\Users\lamos\Documents\Visual Studio 2012\Projects\WordBrain\WordBrain\Debug\link-cvtres.read.1.tlog
C:\Users\lamos\Documents\Visual Studio 2012\Projects\WordBrain\WordBrain\Debug\link-cvtres.write.1.tlog
C:\Users\lamos\Documents\Visual Studio 2012\Projects\WordBrain\WordBrain\Debug\link-rc.read.1.tlog
C:\Users\lamos\Documents\Visual Studio 2012\Projects\WordBrain\WordBrain\Debug\link-rc.write.1.tlog
C:\Users\lamos\Documents\Visual Studio 2012\Projects\WordBrain\WordBrain\Debug\link.10676-cvtres.read.1.tlog
C:\Users\lamos\Documents\Visual Studio 2012\Projects\WordBrain\WordBrain\Debug\link.10676-cvtres.write.1.tlog
C:\Users\lamos\Documents\Visual Studio 2012\Projects\WordBrain\WordBrain\Debug\link.10676-rc.read.1.tlog
C:\Users\lamos\Documents\Visual Studio 2012\Projects\WordBrain\WordBrain\Debug\link.10676-rc.write.1.tlog
C:\Users\lamos\Documents\Visual Studio 2012\Projects\WordBrain\WordBrain\Debug\link.10676.read.1.tlog
C:\Users\lamos\Documents\Visual Studio 2012\Projects\WordBrain\WordBrain\Debug\link.10676.write.1.tlog
C:\Users\lamos\Documents\Visual Studio 2012\Projects\WordBrain\WordBrain\Debug\link.11320-cvtres.read.1.tlog
C:\Users\lamos\Documents\Visual Studio 2012\Projects\WordBrain\WordBrain\Debug\link.11320-cvtres.write.1.tlog
C:\Users\lamos\Documents\Visual Studio 2012\Projects\WordBrain\WordBrain\Debug\link.11320-rc.read.1.tlog
C:\Users\lamos\Documents\Visual Studio 2012\Projects\WordBrain\WordBrain\Debug\link.11320-rc.write.1.tlog
C:\Users\lamos\Documents\Visual Studio 2012\Projects\WordBrain\WordBrain\Debug\link.11320.read.1.tlog
C:\Users\lamos\Documents\Visual Studio 2012\Projects\WordBrain\WordBrain\Debug\link.11320.write.1.tlog
C:\Users\lamos\Documents\Visual Studio 2012\Projects\WordBrain\WordBrain\Debug\link.14120-cvtres.read.1.tlog
C:\Users\lamos\Documents\Visual Studio 2012\Projects\WordBrain\WordBrain\Debug\link.14120-cvtres.write.1.tlog
C:\Users\lamos\Documents\Visual Studio 2012\Projects\WordBrain\WordBrain\Debug\link.14120-rc.read.1.tlog
C:\Users\lamos\Documents\Visual Studio 2012\Projects\WordBrain\WordBrain\Debug\link.14120-rc.write.1.tlog
C:\Users\lamos\Documents\Visual Studio 2012\Projects\WordBrain\WordBrain\Debug\link.14120.read.1.tlog
C:\Users\lamos\Documents\Visual Studio 2012\Projects\WordBrain\WordBrain\Debug\link.14120.write.1.tlog
C:\Users\lamos\Documents\Visual Studio 2012\Projects\WordBrain\WordBrain\Debug\link.1440-cvtres.read.1.tlog
C:\Users\lamos\Documents\Visual Studio 2012\Projects\WordBrain\WordBrain\Debug\link.1440-cvtres.write.1.tlog
C:\Users\lamos\Documents\Visual Studio 2012\Projects\WordBrain\WordBrain\Debug\link.1440-rc.read.1.tlog
C:\Users\lamos\Documents\Visual Studio 2012\Projects\WordBrain\WordBrain\Debug\link.1440-rc.write.1.tlog
C:\Users\lamos\Documents\Visual Studio 2012\Projects\WordBrain\WordBrain\Debug\link.1440.read.1.tlog
C:\Users\lamos\Documents\Visual Studio 2012\Projects\WordBrain\WordBrain\Debug\link.1440.write.1.tlog
C:\Users\lamos\Documents\Visual Studio 2012\Projects\WordBrain\WordBrain\Debug\link.17612-cvtres.read.1.tlog
C:\Users\lamos\Documents\Visual Studio 2012\Projects\WordBrain\WordBrain\Debug\link.17612-cvtres.write.1.tlog
C:\Users\lamos\Documents\Visual Studio 2012\Projects\WordBrain\WordBrain\Debug\link.17612-rc.read.1.tlog
C:\Users\lamos\Documents\Visual Studio 2012\Projects\WordBrain\WordBrain\Debug\link.17612-rc.write.1.tlog
C:\Users\lamos\Documents\Visual Studio 2012\Projects\WordBrain\WordBrain\Debug\link.17612.read.1.tlog
C:\Users\lamos\Documents\Visual Studio 2012\Projects\WordBrain\WordBrain\Debug\link.17612.write.1.tlog
C:\Users\lamos\Documents\Visual Studio 2012\Projects\WordBrain\WordBrain\Debug\link.2460-cvtres.read.1.tlog
C:\Users\lamos\Documents\Visual Studio 2012\Projects\WordBrain\WordBrain\Debug\link.2460-cvtres.write.1.tlog
C:\Users\lamos\Documents\Visual Studio 2012\Projects\WordBrain\WordBrain\Debug\link.2460-rc.read.1.tlog
C:\Users\lamos\Documents\Visual Studio 2012\Projects\WordBrain\WordBrain\Debug\link.2460-rc.write.1.tlog
C:\Users\lamos\Documents\Visual Studio 2012\Projects\WordBrain\WordBrain\Debug\link.2460.read.1.tlog
C:\Users\lamos\Documents\Visual Studio 2012\Projects\WordBrain\WordBrain\Debug\link.2460.write.1.tlog
C:\Users\lamos\Documents\Visual Studio 2012\Projects\WordBrain\WordBrain\Debug\link.3692-cvtres.read.1.tlog
C:\Users\lamos\Documents\Visual Studio 2012\Projects\WordBrain\WordBrain\Debug\link.3692-cvtres.write.1.tlog
C:\Users\lamos\Documents\Visual Studio 2012\Projects\WordBrain\WordBrain\Debug\link.3692-rc.read.1.tlog
C:\Users\lamos\Documents\Visual Studio 2012\Projects\WordBrain\WordBrain\Debug\link.3692-rc.write.1.tlog
C:\Users\lamos\Documents\Visual Studio 2012\Projects\WordBrain\WordBrain\Debug\link.3692.read.1.tlog
C:\Users\lamos\Documents\Visual Studio 2012\Projects\WordBrain\WordBrain\Debug\link.3692.write.1.tlog
C:\Users\lamos\Documents\Visual Studio 2012\Projects\WordBrain\WordBrain\Debug\link.4476-cvtres.read.1.tlog
C:\Users\lamos\Documents\Visual Studio 2012\Projects\WordBrain\WordBrain\Debug\link.4476-cvtres.write.1.tlog
C:\Users\lamos\Documents\Visual Studio 2012\Projects\WordBrain\WordBrain\Debug\link.4476-rc.read.1.tlog
C:\Users\lamos\Documents\Visual Studio 2012\Projects\WordBrain\WordBrain\Debug\link.4476-rc.write.1.tlog
C:\Users\lamos\Documents\Visual Studio 2012\Projects\WordBrain\WordBrain\Debug\link.4476.read.1.tlog
C:\Users\lamos\Documents\Visual Studio 2012\Projects\WordBrain\WordBrain\Debug\link.4476.write.1.tlog
C:\Users\lamos\Documents\Visual Studio 2012\Projects\WordBrain\WordBrain\Debug\link.4568-cvtres.read.1.tlog
C:\Users\lamos\Documents\Visual Studio 2012\Projects\WordBrain\WordBrain\Debug\link.4568-cvtres.write.1.tlog
C:\Users\lamos\Documents\Visual Studio 2012\Projects\WordBrain\WordBrain\Debug\link.4568-rc.read.1.tlog
C:\Users\lamos\Documents\Visual Studio 2012\Projects\WordBrain\WordBrain\Debug\link.4568-rc.write.1.tlog
C:\Users\lamos\Documents\Visual Studio 2012\Projects\WordBrain\WordBrain\Debug\link.4568.read.1.tlog
C:\Users\lamos\Documents\Visual Studio 2012\Projects\WordBrain\WordBrain\Debug\link.4568.write.1.tlog
C:\Users\lamos\Documents\Visual Studio 2012\Projects\WordBrain\WordBrain\Debug\link.5660-cvtres.read.1.tlog
C:\Users\lamos\Documents\Visual Studio 2012\Projects\WordBrain\WordBrain\Debug\link.5660-cvtres.write.1.tlog
C:\Users\lamos\Documents\Visual Studio 2012\Projects\WordBrain\WordBrain\Debug\link.5660-rc.read.1.tlog
C:\Users\lamos\Documents\Visual Studio 2012\Projects\WordBrain\WordBrain\Debug\link.5660-rc.write.1.tlog
C:\Users\lamos\Documents\Visual Studio 2012\Projects\WordBrain\WordBrain\Debug\link.5660.read.1.tlog
C:\Users\lamos\Documents\Visual Studio 2012\Projects\WordBrain\WordBrain\Debug\link.5660.write.1.tlog
C:\Users\lamos\Documents\Visual Studio 2012\Projects\WordBrain\WordBrain\Debug\link.5724-cvtres.read.1.tlog
C:\Users\lamos\Documents\Visual Studio 2012\Projects\WordBrain\WordBrain\Debug\link.5724-cvtres.write.1.tlog
C:\Users\lamos\Documents\Visual Studio 2012\Projects\WordBrain\WordBrain\Debug\link.5724-rc.read.1.tlog
C:\Users\lamos\Documents\Visual Studio 2012\Projects\WordBrain\WordBrain\Debug\link.5724-rc.write.1.tlog
C:\Users\lamos\Documents\Visual Studio 2012\Projects\WordBrain\WordBrain\Debug\link.5724.read.1.tlog
C:\Users\lamos\Documents\Visual Studio 2012\Projects\WordBrain\WordBrain\Debug\link.5724.write.1.tlog
C:\Users\lamos\Documents\Visual Studio 2012\Projects\WordBrain\WordBrain\Debug\link.6020-cvtres.read.1.tlog
C:\Users\lamos\Documents\Visual Studio 2012\Projects\WordBrain\WordBrain\Debug\link.6020-cvtres.write.1.tlog
C:\Users\lamos\Documents\Visual Studio 2012\Projects\WordBrain\WordBrain\Debug\link.6020-rc.read.1.tlog
C:\Users\lamos\Documents\Visual Studio 2012\Projects\WordBrain\WordBrain\Debug\link.6020-rc.write.1.tlog
C:\Users\lamos\Documents\Visual Studio 2012\Projects\WordBrain\WordBrain\Debug\link.6020.read.1.tlog
C:\Users\lamos\Documents\Visual Studio 2012\Projects\WordBrain\WordBrain\Debug\link.6020.write.1.tlog
C:\Users\lamos\Documents\Visual Studio 2012\Projects\WordBrain\WordBrain\Debug\link.712-cvtres.read.1.tlog
C:\Users\lamos\Documents\Visual Studio 2012\Projects\WordBrain\WordBrain\Debug\link.712-cvtres.write.1.tlog
C:\Users\lamos\Documents\Visual Studio 2012\Projects\WordBrain\WordBrain\Debug\link.712-rc.read.1.tlog
C:\Users\lamos\Documents\Visual Studio 2012\Projects\WordBrain\WordBrain\Debug\link.712-rc.write.1.tlog
C:\Users\lamos\Documents\Visual Studio 2012\Projects\WordBrain\WordBrain\Debug\link.712.read.1.tlog
C:\Users\lamos\Documents\Visual Studio 2012\Projects\WordBrain\WordBrain\Debug\link.712.write.1.tlog
C:\Users\lamos\Documents\Visual Studio 2012\Projects\WordBrain\WordBrain\Debug\link.7352-cvtres.read.1.tlog
C:\Users\lamos\Documents\Visual Studio 2012\Projects\WordBrain\WordBrain\Debug\link.7352-cvtres.write.1.tlog
C:\Users\lamos\Documents\Visual Studio 2012\Projects\WordBrain\WordBrain\Debug\link.7352-rc.read.1.tlog
C:\Users\lamos\Documents\Visual Studio 2012\Projects\WordBrain\WordBrain\Debug\link.7352-rc.write.1.tlog
C:\Users\lamos\Documents\Visual Studio 2012\Projects\WordBrain\WordBrain\Debug\link.7352.read.1.tlog
C:\Users\lamos\Documents\Visual Studio 2012\Projects\WordBrain\WordBrain\Debug\link.7352.write.1.tlog
C:\Users\lamos\Documents\Visual Studio 2012\Projects\WordBrain\WordBrain\Debug\link.7676-cvtres.read.1.tlog
C:\Users\lamos\Documents\Visual Studio 2012\Projects\WordBrain\WordBrain\Debug\link.7676-cvtres.write.1.tlog
C:\Users\lamos\Documents\Visual Studio 2012\Projects\WordBrain\WordBrain\Debug\link.7676-rc.read.1.tlog
C:\Users\lamos\Documents\Visual Studio 2012\Projects\WordBrain\WordBrain\Debug\link.7676-rc.write.1.tlog
C:\Users\lamos\Documents\Visual Studio 2012\Projects\WordBrain\WordBrain\Debug\link.7676.read.1.tlog
C:\Users\lamos\Documents\Visual Studio 2012\Projects\WordBrain\WordBrain\Debug\link.7676.write.1.tlog
C:\Users\lamos\Documents\Visual Studio 2012\Projects\WordBrain\WordBrain\Debug\link.8140-cvtres.read.1.tlog
C:\Users\lamos\Documents\Visual Studio 2012\Projects\WordBrain\WordBrain\Debug\link.8140-cvtres.write.1.tlog
C:\Users\lamos\Documents\Visual Studio 2012\Projects\WordBrain\WordBrain\Debug\link.8140-rc.read.1.tlog
C:\Users\lamos\Documents\Visual Studio 2012\Projects\WordBrain\WordBrain\Debug\link.8140-rc.write.1.tlog
C:\Users\lamos\Documents\Visual Studio 2012\Projects\WordBrain\WordBrain\Debug\link.8140.read.1.tlog
C:\Users\lamos\Documents\Visual Studio 2012\Projects\WordBrain\WordBrain\Debug\link.8140.write.1.tlog
C:\Users\lamos\Documents\Visual Studio 2012\Projects\WordBrain\WordBrain\Debug\link.8752-cvtres.read.1.tlog
C:\Users\lamos\Documents\Visual Studio 2012\Projects\WordBrain\WordBrain\Debug\link.8752-cvtres.write.1.tlog
C:\Users\lamos\Documents\Visual Studio 2012\Projects\WordBrain\WordBrain\Debug\link.8752-rc.read.1.tlog
C:\Users\lamos\Documents\Visual Studio 2012\Projects\WordBrain\WordBrain\Debug\link.8752-rc.write.1.tlog
C:\Users\lamos\Documents\Visual Studio 2012\Projects\WordBrain\WordBrain\Debug\link.8752.read.1.tlog
C:\Users\lamos\Documents\Visual Studio 2012\Projects\WordBrain\WordBrain\Debug\link.8752.write.1.tlog
C:\Users\lamos\Documents\Visual Studio 2012\Projects\WordBrain\WordBrain\Debug\link.8944-cvtres.read.1.tlog
C:\Users\lamos\Documents\Visual Studio 2012\Projects\WordBrain\WordBrain\Debug\link.8944-cvtres.write.1.tlog
C:\Users\lamos\Documents\Visual Studio 2012\Projects\WordBrain\WordBrain\Debug\link.8944-rc.read.1.tlog
C:\Users\lamos\Documents\Visual Studio 2012\Projects\WordBrain\WordBrain\Debug\link.8944-rc.write.1.tlog
C:\Users\lamos\Documents\Visual Studio 2012\Projects\WordBrain\WordBrain\Debug\link.8944.read.1.tlog
C:\Users\lamos\Documents\Visual Studio 2012\Projects\WordBrain\WordBrain\Debug\link.8944.write.1.tlog
C:\Users\lamos\Documents\Visual Studio 2012\Projects\WordBrain\WordBrain\Debug\link.9180-cvtres.read.1.tlog
C:\Users\lamos\Documents\Visual Studio 2012\Projects\WordBrain\WordBrain\Debug\link.9180-cvtres.write.1.tlog
C:\Users\lamos\Documents\Visual Studio 2012\Projects\WordBrain\WordBrain\Debug\link.9180-rc.read.1.tlog
C:\Users\lamos\Documents\Visual Studio 2012\Projects\WordBrain\WordBrain\Debug\link.9180-rc.write.1.tlog
C:\Users\lamos\Documents\Visual Studio 2012\Projects\WordBrain\WordBrain\Debug\link.9180.read.1.tlog
C:\Users\lamos\Documents\Visual Studio 2012\Projects\WordBrain\WordBrain\Debug\link.9180.write.1.tlog
C:\Users\lamos\Documents\Visual Studio 2012\Projects\WordBrain\WordBrain\Debug\link.9212-cvtres.read.1.tlog
C:\Users\lamos\Documents\Visual Studio 2012\Projects\WordBrain\WordBrain\Debug\link.9212-cvtres.write.1.tlog
C:\Users\lamos\Documents\Visual Studio 2012\Projects\WordBrain\WordBrain\Debug\link.9212-rc.read.1.tlog
C:\Users\lamos\Documents\Visual Studio 2012\Projects\WordBrain\WordBrain\Debug\link.9212-rc.write.1.tlog
C:\Users\lamos\Documents\Visual Studio 2012\Projects\WordBrain\WordBrain\Debug\link.9212.read.1.tlog
C:\Users\lamos\Documents\Visual Studio 2012\Projects\WordBrain\WordBrain\Debug\link.9212.write.1.tlog
C:\Users\lamos\Documents\Visual Studio 2012\Projects\WordBrain\WordBrain\Debug\link.9760-cvtres.read.1.tlog
C:\Users\lamos\Documents\Visual Studio 2012\Projects\WordBrain\WordBrain\Debug\link.9760-cvtres.write.1.tlog
C:\Users\lamos\Documents\Visual Studio 2012\Projects\WordBrain\WordBrain\Debug\link.9760-rc.read.1.tlog
C:\Users\lamos\Documents\Visual Studio 2012\Projects\WordBrain\WordBrain\Debug\link.9760-rc.write.1.tlog
C:\Users\lamos\Documents\Visual Studio 2012\Projects\WordBrain\WordBrain\Debug\link.9760.read.1.tlog
C:\Users\lamos\Documents\Visual Studio 2012\Projects\WordBrain\WordBrain\Debug\link.9760.write.1.tlog
C:\Users\lamos\Documents\Visual Studio 2012\Projects\WordBrain\WordBrain\Debug\link.command.1.tlog
C:\Users\lamos\Documents\Visual Studio 2012\Projects\WordBrain\WordBrain\Debug\link.read.1.tlog
C:\Users\lamos\Documents\Visual Studio 2012\Projects\WordBrain\WordBrain\Debug\link.write.1.tlog
C:\Users\lamos\Documents\Visual Studio 2012\Projects\WordBrain\WordBrain\Debug\vc110.idb
C:\Users\lamos\Documents\Visual Studio 2012\Projects\WordBrain\WordBrain\Debug\vc110.pdb
C:\Users\lamos\Documents\Visual Studio 2012\Projects\WordBrain\Debug\WordBrain.pdb
C:\Users\lamos\Documents\Visual Studio 2012\Projects\WordBrain\Debug\WordBrain.exe
C:\Users\lamos\Documents\Visual Studio 2012\Projects\WordBrain\Debug\WordBrain.ilk
